#
# There is insufficient memory for the Java Runtime Environment to continue.
# Native memory allocation (malloc) failed to allocate 68176 bytes for Chunk::new
# Possible reasons:
#   The system is out of physical RAM or swap space
#   The process is running with CompressedOops enabled, and the Java Heap may be blocking the growth of the native heap
# Possible solutions:
#   Reduce memory load on the system
#   Increase physical memory or swap space
#   Check if swap backing store is full
#   Decrease Java heap size (-Xmx/-Xms)
#   Decrease number of Java threads
#   Decrease Java thread stack sizes (-Xss)
#   Set larger code cache with -XX:ReservedCodeCacheSize=
#   JVM is running with Unscaled Compressed Oops mode in which the Java heap is
#     placed in the first 4GB address space. The Java Heap base address is the
#     maximum limit for the native heap growth. Please use -XX:HeapBaseMinAddress
#     to set the Java Heap base and to place the Java Heap above 4GB virtual address.
# This output file may be truncated or incomplete.
#
#  Out of Memory Error (./src/hotspot/share/memory/arena.cpp:197), pid=15912, tid=14556
#
# JRE version: OpenJDK Runtime Environment (11.0.11+9) (build 11.0.11+9-b60-7590822)
# Java VM: OpenJDK 64-Bit Server VM (11.0.11+9-b60-7590822, mixed mode, tiered, compressed oops, g1 gc, windows-amd64)
# No core dump will be written. Minidumps are not enabled by default on client versions of Windows
#

---------------  S U M M A R Y ------------

Command Line: --add-opens=java.base/java.util=ALL-UNNAMED --add-opens=java.base/java.lang=ALL-UNNAMED --add-opens=java.base/java.lang.invoke=ALL-UNNAMED --add-opens=java.base/java.util=ALL-UNNAMED --add-opens=java.prefs/java.util.prefs=ALL-UNNAMED --add-opens=java.prefs/java.util.prefs=ALL-UNNAMED --add-opens=java.base/java.nio.charset=ALL-UNNAMED --add-opens=java.base/java.net=ALL-UNNAMED --add-opens=java.base/java.util.concurrent.atomic=ALL-UNNAMED -Xmx2048m -Dfile.encoding=UTF-8 -Duser.country=KR -Duser.language=ko -Duser.variant org.gradle.launcher.daemon.bootstrap.GradleDaemon 7.2

Host: Intel(R) Core(TM) i7-8565U CPU @ 1.80GHz, 8 cores, 7G,  Windows 10 , 64 bit Build 19041 (10.0.19041.1566)
Time: Fri Mar 18 21:18:15 2022 대한민국 표준시 elapsed time: 16.348220 seconds (0d 0h 0m 16s)

---------------  T H R E A D  ---------------

Current thread (0x0000017768544800):  JavaThread "C2 CompilerThread0" daemon [_thread_in_native, id=14556, stack(0x0000005db5900000,0x0000005db5a00000)]


Current CompileTask:
C2:  16348 3720       4       java.util.regex.Matcher::reset (128 bytes)

Stack: [0x0000005db5900000,0x0000005db5a00000]
Native frames: (J=compiled Java code, j=interpreted, Vv=VM code, C=native code)
V  [jvm.dll+0x5f214a]
V  [jvm.dll+0x726fb5]
V  [jvm.dll+0x7285cd]
V  [jvm.dll+0x728c83]
V  [jvm.dll+0x243278]
V  [jvm.dll+0xbc53c]
V  [jvm.dll+0xbca3c]
V  [jvm.dll+0x353e3b]
V  [jvm.dll+0x321893]
V  [jvm.dll+0x320d8a]
V  [jvm.dll+0x1fc1e2]
V  [jvm.dll+0x1fb3d4]
V  [jvm.dll+0x183d6c]
V  [jvm.dll+0x209a57]
V  [jvm.dll+0x2082a1]
V  [jvm.dll+0x6ef58f]
V  [jvm.dll+0x6e80b5]
V  [jvm.dll+0x5f1036]
C  [ucrtbase.dll+0x21bb2]
C  [KERNEL32.DLL+0x17034]
C  [ntdll.dll+0x52651]


---------------  P R O C E S S  ---------------

Threads class SMR info:
_java_thread_list=0x000001776cb8b030, length=35, elements={
0x000001774e08e000, 0x0000017768521800, 0x0000017768523800, 0x000001776853d000,
0x000001776853e000, 0x000001776853f800, 0x0000017768544800, 0x0000017768548800,
0x0000017768552800, 0x0000017768f93800, 0x000001776a4d8800, 0x0000017769248800,
0x000001776a209800, 0x000001776ae66800, 0x000001776bd8d800, 0x000001776b757000,
0x00000177695d9000, 0x000001776bd06800, 0x000001776babc000, 0x0000017769c24000,
0x0000017769c25000, 0x0000017769c20800, 0x0000017769c25800, 0x0000017769c21800,
0x0000017769c22800, 0x0000017769c20000, 0x0000017769c23000, 0x0000017769c26800,
0x0000017769a6d800, 0x0000017769a70000, 0x0000017769a70800, 0x0000017769a74000,
0x0000017769a71800, 0x000001776cc38000, 0x000001776cc36800
}

Java Threads: ( => current thread )
  0x000001774e08e000 JavaThread "main" [_thread_blocked, id=16396, stack(0x0000005db4d00000,0x0000005db4e00000)]
  0x0000017768521800 JavaThread "Reference Handler" daemon [_thread_blocked, id=19368, stack(0x0000005db5400000,0x0000005db5500000)]
  0x0000017768523800 JavaThread "Finalizer" daemon [_thread_blocked, id=10292, stack(0x0000005db5500000,0x0000005db5600000)]
  0x000001776853d000 JavaThread "Signal Dispatcher" daemon [_thread_blocked, id=8372, stack(0x0000005db5600000,0x0000005db5700000)]
  0x000001776853e000 JavaThread "Attach Listener" daemon [_thread_blocked, id=17216, stack(0x0000005db5700000,0x0000005db5800000)]
  0x000001776853f800 JavaThread "Service Thread" daemon [_thread_blocked, id=18456, stack(0x0000005db5800000,0x0000005db5900000)]
=>0x0000017768544800 JavaThread "C2 CompilerThread0" daemon [_thread_in_native, id=14556, stack(0x0000005db5900000,0x0000005db5a00000)]
  0x0000017768548800 JavaThread "C1 CompilerThread0" daemon [_thread_blocked, id=15236, stack(0x0000005db5a00000,0x0000005db5b00000)]
  0x0000017768552800 JavaThread "Sweeper thread" daemon [_thread_blocked, id=9188, stack(0x0000005db5b00000,0x0000005db5c00000)]
  0x0000017768f93800 JavaThread "Common-Cleaner" daemon [_thread_blocked, id=16720, stack(0x0000005db5c00000,0x0000005db5d00000)]
  0x000001776a4d8800 JavaThread "Daemon health stats" [_thread_blocked, id=1580, stack(0x0000005db5f00000,0x0000005db6000000)]
  0x0000017769248800 JavaThread "Incoming local TCP Connector on port 2336" [_thread_in_native, id=19880, stack(0x0000005db5e00000,0x0000005db5f00000)]
  0x000001776a209800 JavaThread "Daemon periodic checks" [_thread_blocked, id=19896, stack(0x0000005db6200000,0x0000005db6300000)]
  0x000001776ae66800 JavaThread "Daemon" [_thread_blocked, id=19912, stack(0x0000005db6300000,0x0000005db6400000)]
  0x000001776bd8d800 JavaThread "Handler for socket connection from /127.0.0.1:2336 to /127.0.0.1:2337" [_thread_in_native, id=19916, stack(0x0000005db6400000,0x0000005db6500000)]
  0x000001776b757000 JavaThread "Cancel handler" [_thread_blocked, id=19928, stack(0x0000005db6500000,0x0000005db6600000)]
  0x00000177695d9000 JavaThread "Daemon worker" [_thread_in_native, id=19932, stack(0x0000005db6600000,0x0000005db6700000)]
  0x000001776bd06800 JavaThread "Asynchronous log dispatcher for DefaultDaemonConnection: socket connection from /127.0.0.1:2336 to /127.0.0.1:2337" [_thread_blocked, id=19948, stack(0x0000005db6700000,0x0000005db6800000)]
  0x000001776babc000 JavaThread "Stdin handler" [_thread_blocked, id=19952, stack(0x0000005db6800000,0x0000005db6900000)]
  0x0000017769c24000 JavaThread "Daemon client event forwarder" [_thread_blocked, id=19960, stack(0x0000005db6900000,0x0000005db6a00000)]
  0x0000017769c25000 JavaThread "Cache worker for journal cache (C:\Users\cjh20\.gradle\caches\journal-1)" [_thread_blocked, id=20056, stack(0x0000005db6a00000,0x0000005db6b00000)]
  0x0000017769c20800 JavaThread "File lock request listener" [_thread_in_native, id=20060, stack(0x0000005db7000000,0x0000005db7100000)]
  0x0000017769c25800 JavaThread "Cache worker for file hash cache (C:\Users\cjh20\.gradle\caches\7.2\fileHashes)" [_thread_blocked, id=20064, stack(0x0000005db7100000,0x0000005db7200000)]
  0x0000017769c21800 JavaThread "Cache worker for file hash cache (F:\android_works\PlanAt\.gradle\7.2\fileHashes)" [_thread_blocked, id=20104, stack(0x0000005db7300000,0x0000005db7400000)]
  0x0000017769c22800 JavaThread "File watcher server" daemon [_thread_in_native, id=20116, stack(0x0000005db7400000,0x0000005db7500000)]
  0x0000017769c20000 JavaThread "File watcher consumer" daemon [_thread_blocked, id=20120, stack(0x0000005db7500000,0x0000005db7600000)]
  0x0000017769c23000 JavaThread "Cache worker for checksums cache (F:\android_works\PlanAt\.gradle\checksums)" [_thread_blocked, id=20124, stack(0x0000005db7600000,0x0000005db7700000)]
  0x0000017769c26800 JavaThread "Cache worker for cache directory md-supplier (C:\Users\cjh20\.gradle\caches\7.2\md-supplier)" [_thread_blocked, id=20136, stack(0x0000005db7700000,0x0000005db7800000)]
  0x0000017769a6d800 JavaThread "Cache worker for cache directory md-rule (C:\Users\cjh20\.gradle\caches\7.2\md-rule)" [_thread_blocked, id=20152, stack(0x0000005db7800000,0x0000005db7900000)]
  0x0000017769a70000 JavaThread "Cache worker for execution history cache (C:\Users\cjh20\.gradle\caches\7.2\executionHistory)" [_thread_blocked, id=20156, stack(0x0000005db7900000,0x0000005db7a00000)]
  0x0000017769a70800 JavaThread "jar transforms" [_thread_blocked, id=20184, stack(0x0000005db7a00000,0x0000005db7b00000)]
  0x0000017769a74000 JavaThread "jar transforms Thread 2" [_thread_blocked, id=20236, stack(0x0000005db7b00000,0x0000005db7c00000)]
  0x0000017769a71800 JavaThread "Cache worker for file content cache (C:\Users\cjh20\.gradle\caches\7.2\fileContent)" [_thread_blocked, id=20332, stack(0x0000005db7c00000,0x0000005db7d00000)]
  0x000001776cc38000 JavaThread "Cache worker for dependencies-accessors (F:\android_works\PlanAt\.gradle\7.2\dependencies-accessors)" [_thread_blocked, id=20340, stack(0x0000005db7d00000,0x0000005db7e00000)]
  0x000001776cc36800 JavaThread "jar transforms Thread 3" [_thread_blocked, id=6420, stack(0x0000005db7e00000,0x0000005db7f00000)]

Other Threads:
  0x000001776851e800 VMThread "VM Thread" [stack: 0x0000005db5300000,0x0000005db5400000] [id=11544]
  0x0000017768fca800 WatcherThread [stack: 0x0000005db5d00000,0x0000005db5e00000] [id=19408]
  0x000001774e0a8800 GCTaskThread "GC Thread#0" [stack: 0x0000005db4e00000,0x0000005db4f00000] [id=19044]
  0x0000017769ba6000 GCTaskThread "GC Thread#1" [stack: 0x0000005db6000000,0x0000005db6100000] [id=4952]
  0x000001776935f000 GCTaskThread "GC Thread#2" [stack: 0x0000005db6100000,0x0000005db6200000] [id=11072]
  0x00000177697f1000 GCTaskThread "GC Thread#3" [stack: 0x0000005db6b00000,0x0000005db6c00000] [id=20004]
  0x0000017769ecd800 GCTaskThread "GC Thread#4" [stack: 0x0000005db6c00000,0x0000005db6d00000] [id=20008]
  0x000001776a85e000 GCTaskThread "GC Thread#5" [stack: 0x0000005db6d00000,0x0000005db6e00000] [id=20012]
  0x0000017769743800 GCTaskThread "GC Thread#6" [stack: 0x0000005db6e00000,0x0000005db6f00000] [id=20016]
  0x000001776a454000 GCTaskThread "GC Thread#7" [stack: 0x0000005db6f00000,0x0000005db7000000] [id=20020]
  0x000001774e0d8000 ConcurrentGCThread "G1 Main Marker" [stack: 0x0000005db4f00000,0x0000005db5000000] [id=16932]
  0x000001774e0d9800 ConcurrentGCThread "G1 Conc#0" [stack: 0x0000005db5000000,0x0000005db5100000] [id=9920]
  0x000001776bcf8000 ConcurrentGCThread "G1 Conc#1" [stack: 0x0000005db7200000,0x0000005db7300000] [id=20072]
  0x000001774e166800 ConcurrentGCThread "G1 Refine#0" [stack: 0x0000005db5100000,0x0000005db5200000] [id=16496]
  0x000001774e167800 ConcurrentGCThread "G1 Young RemSet Sampling" [stack: 0x0000005db5200000,0x0000005db5300000] [id=3612]

Threads with active compile tasks:
C2 CompilerThread0  16410 3720       4       java.util.regex.Matcher::reset (128 bytes)

VM state:not at safepoint (normal execution)

VM Mutex/Monitor currently owned by a thread: None

Heap address: 0x0000000080000000, size: 2048 MB, Compressed Oops mode: 32-bit
Narrow klass base: 0x0000000000000000, Narrow klass shift: 3
Compressed class space size: 1073741824 Address: 0x0000000100000000

Heap:
 garbage-first heap   total 129024K, used 77684K [0x0000000080000000, 0x0000000100000000)
  region size 1024K, 58 young (59392K), 8 survivors (8192K)
 Metaspace       used 44505K, capacity 45521K, committed 45692K, reserved 1089536K
  class space    used 5704K, capacity 6068K, committed 6144K, reserved 1048576K
Heap Regions: E=young(eden), S=young(survivor), O=old, HS=humongous(starts), HC=humongous(continues), CS=collection set, F=free, A=archive, TAMS=top-at-mark-start (previous, next)
|   0|0x0000000080000000, 0x0000000080100000, 0x0000000080100000|100%| O|  |TAMS 0x0000000080100000, 0x0000000080000000| Untracked 
|   1|0x0000000080100000, 0x0000000080200000, 0x0000000080200000|100%| O|  |TAMS 0x0000000080200000, 0x0000000080100000| Untracked 
|   2|0x0000000080200000, 0x0000000080300000, 0x0000000080300000|100%| O|  |TAMS 0x0000000080300000, 0x0000000080200000| Untracked 
|   3|0x0000000080300000, 0x0000000080400000, 0x0000000080400000|100%|HS|  |TAMS 0x0000000080400000, 0x0000000080300000| Complete 
|   4|0x0000000080400000, 0x0000000080500000, 0x0000000080500000|100%|HC|  |TAMS 0x0000000080500000, 0x0000000080400000| Complete 
|   5|0x0000000080500000, 0x0000000080600000, 0x0000000080600000|100%|HC|  |TAMS 0x0000000080600000, 0x0000000080500000| Complete 
|   6|0x0000000080600000, 0x0000000080700000, 0x0000000080700000|100%| O|  |TAMS 0x0000000080700000, 0x0000000080600000| Untracked 
|   7|0x0000000080700000, 0x0000000080800000, 0x0000000080800000|100%| O|  |TAMS 0x0000000080800000, 0x0000000080700000| Untracked 
|   8|0x0000000080800000, 0x0000000080900000, 0x0000000080900000|100%| O|  |TAMS 0x0000000080900000, 0x0000000080800000| Untracked 
|   9|0x0000000080900000, 0x0000000080a00000, 0x0000000080a00000|100%| O|  |TAMS 0x0000000080a00000, 0x0000000080900000| Untracked 
|  10|0x0000000080a00000, 0x0000000080b00000, 0x0000000080b00000|100%| O|  |TAMS 0x0000000080b00000, 0x0000000080a00000| Untracked 
|  11|0x0000000080b00000, 0x0000000080c00000, 0x0000000080c00000|100%| O|  |TAMS 0x0000000080c00000, 0x0000000080b00000| Untracked 
|  12|0x0000000080c00000, 0x0000000080d00000, 0x0000000080d00000|100%| O|  |TAMS 0x0000000080d00000, 0x0000000080c00000| Untracked 
|  13|0x0000000080d00000, 0x0000000080e00000, 0x0000000080e00000|100%| O|  |TAMS 0x0000000080e00000, 0x0000000080d00000| Untracked 
|  14|0x0000000080e00000, 0x0000000080f00000, 0x0000000080f00000|100%| O|  |TAMS 0x0000000080f00000, 0x0000000080e00000| Untracked 
|  15|0x0000000080f00000, 0x0000000081000000, 0x0000000081000000|100%| O|  |TAMS 0x0000000081000000, 0x0000000080f00000| Untracked 
|  16|0x0000000081000000, 0x0000000081100000, 0x0000000081100000|100%| O|  |TAMS 0x000000008103a200, 0x0000000081000000| Untracked 
|  17|0x0000000081100000, 0x0000000081200000, 0x0000000081200000|100%|HS|  |TAMS 0x0000000081100000, 0x0000000081100000| Complete 
|  18|0x0000000081200000, 0x0000000081200000, 0x0000000081300000|  0%| F|  |TAMS 0x0000000081200000, 0x0000000081200000| Untracked 
|  19|0x0000000081300000, 0x0000000081300000, 0x0000000081400000|  0%| F|  |TAMS 0x0000000081300000, 0x0000000081300000| Untracked 
|  20|0x0000000081400000, 0x0000000081500000, 0x0000000081500000|100%| O|  |TAMS 0x0000000081400000, 0x0000000081400000| Untracked 
|  21|0x0000000081500000, 0x0000000081600000, 0x0000000081600000|100%| O|  |TAMS 0x0000000081500000, 0x0000000081500000| Untracked 
|  22|0x0000000081600000, 0x0000000081605e00, 0x0000000081700000|  2%| O|  |TAMS 0x0000000081600000, 0x0000000081600000| Untracked 
|  23|0x0000000081700000, 0x0000000081700000, 0x0000000081800000|  0%| F|  |TAMS 0x0000000081700000, 0x0000000081700000| Untracked 
|  24|0x0000000081800000, 0x0000000081800000, 0x0000000081900000|  0%| F|  |TAMS 0x0000000081800000, 0x0000000081800000| Untracked 
|  25|0x0000000081900000, 0x0000000081900000, 0x0000000081a00000|  0%| F|  |TAMS 0x0000000081900000, 0x0000000081900000| Untracked 
|  26|0x0000000081a00000, 0x0000000081a00000, 0x0000000081b00000|  0%| F|  |TAMS 0x0000000081a00000, 0x0000000081a00000| Untracked 
|  27|0x0000000081b00000, 0x0000000081b00000, 0x0000000081c00000|  0%| F|  |TAMS 0x0000000081b00000, 0x0000000081b00000| Untracked 
|  28|0x0000000081c00000, 0x0000000081c00000, 0x0000000081d00000|  0%| F|  |TAMS 0x0000000081c00000, 0x0000000081c00000| Untracked 
|  29|0x0000000081d00000, 0x0000000081d00000, 0x0000000081e00000|  0%| F|  |TAMS 0x0000000081d00000, 0x0000000081d00000| Untracked 
|  30|0x0000000081e00000, 0x0000000081e00000, 0x0000000081f00000|  0%| F|  |TAMS 0x0000000081e00000, 0x0000000081e00000| Untracked 
|  31|0x0000000081f00000, 0x0000000081f00000, 0x0000000082000000|  0%| F|  |TAMS 0x0000000081f00000, 0x0000000081f00000| Untracked 
|  32|0x0000000082000000, 0x0000000082000000, 0x0000000082100000|  0%| F|  |TAMS 0x0000000082000000, 0x0000000082000000| Untracked 
|  33|0x0000000082100000, 0x0000000082100000, 0x0000000082200000|  0%| F|  |TAMS 0x0000000082100000, 0x0000000082100000| Untracked 
|  34|0x0000000082200000, 0x0000000082200000, 0x0000000082300000|  0%| F|  |TAMS 0x0000000082200000, 0x0000000082200000| Untracked 
|  35|0x0000000082300000, 0x0000000082300000, 0x0000000082400000|  0%| F|  |TAMS 0x0000000082300000, 0x0000000082300000| Untracked 
|  36|0x0000000082400000, 0x0000000082400000, 0x0000000082500000|  0%| F|  |TAMS 0x0000000082400000, 0x0000000082400000| Untracked 
|  37|0x0000000082500000, 0x0000000082500000, 0x0000000082600000|  0%| F|  |TAMS 0x0000000082500000, 0x0000000082500000| Untracked 
|  38|0x0000000082600000, 0x0000000082600000, 0x0000000082700000|  0%| F|  |TAMS 0x0000000082600000, 0x0000000082600000| Untracked 
|  39|0x0000000082700000, 0x0000000082700000, 0x0000000082800000|  0%| F|  |TAMS 0x0000000082700000, 0x0000000082700000| Untracked 
|  40|0x0000000082800000, 0x0000000082800000, 0x0000000082900000|  0%| F|  |TAMS 0x0000000082800000, 0x0000000082800000| Untracked 
|  41|0x0000000082900000, 0x0000000082900000, 0x0000000082a00000|  0%| F|  |TAMS 0x0000000082900000, 0x0000000082900000| Untracked 
|  42|0x0000000082a00000, 0x0000000082a00000, 0x0000000082b00000|  0%| F|  |TAMS 0x0000000082a00000, 0x0000000082a00000| Untracked 
|  43|0x0000000082b00000, 0x0000000082b00000, 0x0000000082c00000|  0%| F|  |TAMS 0x0000000082b00000, 0x0000000082b00000| Untracked 
|  44|0x0000000082c00000, 0x0000000082c00000, 0x0000000082d00000|  0%| F|  |TAMS 0x0000000082c00000, 0x0000000082c00000| Untracked 
|  45|0x0000000082d00000, 0x0000000082d00000, 0x0000000082e00000|  0%| F|  |TAMS 0x0000000082d00000, 0x0000000082d00000| Untracked 
|  46|0x0000000082e00000, 0x0000000082e00000, 0x0000000082f00000|  0%| F|  |TAMS 0x0000000082e00000, 0x0000000082e00000| Untracked 
|  47|0x0000000082f00000, 0x0000000082f00000, 0x0000000083000000|  0%| F|  |TAMS 0x0000000082f00000, 0x0000000082f00000| Untracked 
|  48|0x0000000083000000, 0x0000000083000000, 0x0000000083100000|  0%| F|  |TAMS 0x0000000083000000, 0x0000000083000000| Untracked 
|  49|0x0000000083100000, 0x0000000083100000, 0x0000000083200000|  0%| F|  |TAMS 0x0000000083100000, 0x0000000083100000| Untracked 
|  50|0x0000000083200000, 0x0000000083200000, 0x0000000083300000|  0%| F|  |TAMS 0x0000000083200000, 0x0000000083200000| Untracked 
|  51|0x0000000083300000, 0x0000000083300000, 0x0000000083400000|  0%| F|  |TAMS 0x0000000083300000, 0x0000000083300000| Untracked 
|  52|0x0000000083400000, 0x0000000083400000, 0x0000000083500000|  0%| F|  |TAMS 0x0000000083400000, 0x0000000083400000| Untracked 
|  53|0x0000000083500000, 0x00000000835d7468, 0x0000000083600000| 84%| S|CS|TAMS 0x0000000083500000, 0x0000000083500000| Complete 
|  54|0x0000000083600000, 0x0000000083700000, 0x0000000083700000|100%| S|CS|TAMS 0x0000000083600000, 0x0000000083600000| Complete 
|  55|0x0000000083700000, 0x0000000083800000, 0x0000000083800000|100%| S|CS|TAMS 0x0000000083700000, 0x0000000083700000| Complete 
|  56|0x0000000083800000, 0x0000000083900000, 0x0000000083900000|100%| S|CS|TAMS 0x0000000083800000, 0x0000000083800000| Complete 
|  57|0x0000000083900000, 0x0000000083a00000, 0x0000000083a00000|100%| S|CS|TAMS 0x0000000083900000, 0x0000000083900000| Complete 
|  58|0x0000000083a00000, 0x0000000083b00000, 0x0000000083b00000|100%| S|CS|TAMS 0x0000000083a00000, 0x0000000083a00000| Complete 
|  59|0x0000000083b00000, 0x0000000083c00000, 0x0000000083c00000|100%| S|CS|TAMS 0x0000000083b00000, 0x0000000083b00000| Complete 
|  60|0x0000000083c00000, 0x0000000083d00000, 0x0000000083d00000|100%| S|CS|TAMS 0x0000000083c00000, 0x0000000083c00000| Complete 
|  61|0x0000000083d00000, 0x0000000083d00000, 0x0000000083e00000|  0%| F|  |TAMS 0x0000000083d00000, 0x0000000083d00000| Untracked 
|  62|0x0000000083e00000, 0x0000000083e00000, 0x0000000083f00000|  0%| F|  |TAMS 0x0000000083e00000, 0x0000000083e00000| Untracked 
|  63|0x0000000083f00000, 0x0000000083f00000, 0x0000000084000000|  0%| F|  |TAMS 0x0000000083f00000, 0x0000000083f00000| Untracked 
|  64|0x0000000084000000, 0x0000000084000000, 0x0000000084100000|  0%| F|  |TAMS 0x0000000084000000, 0x0000000084000000| Untracked 
|  65|0x0000000084100000, 0x0000000084100000, 0x0000000084200000|  0%| F|  |TAMS 0x0000000084100000, 0x0000000084100000| Untracked 
|  66|0x0000000084200000, 0x0000000084200000, 0x0000000084300000|  0%| F|  |TAMS 0x0000000084200000, 0x0000000084200000| Untracked 
|  67|0x0000000084300000, 0x0000000084300000, 0x0000000084400000|  0%| F|  |TAMS 0x0000000084300000, 0x0000000084300000| Untracked 
|  68|0x0000000084400000, 0x0000000084400000, 0x0000000084500000|  0%| F|  |TAMS 0x0000000084400000, 0x0000000084400000| Untracked 
|  69|0x0000000084500000, 0x0000000084500000, 0x0000000084600000|  0%| F|  |TAMS 0x0000000084500000, 0x0000000084500000| Untracked 
|  70|0x0000000084600000, 0x0000000084600000, 0x0000000084700000|  0%| F|  |TAMS 0x0000000084600000, 0x0000000084600000| Untracked 
|  71|0x0000000084700000, 0x0000000084700000, 0x0000000084800000|  0%| F|  |TAMS 0x0000000084700000, 0x0000000084700000| Untracked 
|  72|0x0000000084800000, 0x0000000084800000, 0x0000000084900000|  0%| F|  |TAMS 0x0000000084800000, 0x0000000084800000| Untracked 
|  73|0x0000000084900000, 0x0000000084900000, 0x0000000084a00000|  0%| F|  |TAMS 0x0000000084900000, 0x0000000084900000| Untracked 
|  74|0x0000000084a00000, 0x0000000084a00000, 0x0000000084b00000|  0%| F|  |TAMS 0x0000000084a00000, 0x0000000084a00000| Untracked 
|  75|0x0000000084b00000, 0x0000000084b00000, 0x0000000084c00000|  0%| F|  |TAMS 0x0000000084b00000, 0x0000000084b00000| Untracked 
|  76|0x0000000084c00000, 0x0000000084d00000, 0x0000000084d00000|100%| E|  |TAMS 0x0000000084c00000, 0x0000000084c00000| Complete 
|  77|0x0000000084d00000, 0x0000000084e00000, 0x0000000084e00000|100%| E|CS|TAMS 0x0000000084d00000, 0x0000000084d00000| Complete 
|  78|0x0000000084e00000, 0x0000000084f00000, 0x0000000084f00000|100%| E|CS|TAMS 0x0000000084e00000, 0x0000000084e00000| Complete 
|  79|0x0000000084f00000, 0x0000000085000000, 0x0000000085000000|100%| E|CS|TAMS 0x0000000084f00000, 0x0000000084f00000| Complete 
|  80|0x0000000085000000, 0x0000000085100000, 0x0000000085100000|100%| E|CS|TAMS 0x0000000085000000, 0x0000000085000000| Complete 
|  81|0x0000000085100000, 0x0000000085200000, 0x0000000085200000|100%| E|CS|TAMS 0x0000000085100000, 0x0000000085100000| Complete 
|  82|0x0000000085200000, 0x0000000085300000, 0x0000000085300000|100%| E|CS|TAMS 0x0000000085200000, 0x0000000085200000| Complete 
|  83|0x0000000085300000, 0x0000000085400000, 0x0000000085400000|100%| E|CS|TAMS 0x0000000085300000, 0x0000000085300000| Complete 
|  84|0x0000000085400000, 0x0000000085500000, 0x0000000085500000|100%| E|CS|TAMS 0x0000000085400000, 0x0000000085400000| Complete 
|  85|0x0000000085500000, 0x0000000085600000, 0x0000000085600000|100%| E|CS|TAMS 0x0000000085500000, 0x0000000085500000| Complete 
|  86|0x0000000085600000, 0x0000000085700000, 0x0000000085700000|100%| E|CS|TAMS 0x0000000085600000, 0x0000000085600000| Complete 
|  87|0x0000000085700000, 0x0000000085800000, 0x0000000085800000|100%| E|CS|TAMS 0x0000000085700000, 0x0000000085700000| Complete 
|  88|0x0000000085800000, 0x0000000085900000, 0x0000000085900000|100%| E|CS|TAMS 0x0000000085800000, 0x0000000085800000| Complete 
|  89|0x0000000085900000, 0x0000000085a00000, 0x0000000085a00000|100%| E|CS|TAMS 0x0000000085900000, 0x0000000085900000| Complete 
|  90|0x0000000085a00000, 0x0000000085b00000, 0x0000000085b00000|100%| E|CS|TAMS 0x0000000085a00000, 0x0000000085a00000| Complete 
|  91|0x0000000085b00000, 0x0000000085c00000, 0x0000000085c00000|100%| E|CS|TAMS 0x0000000085b00000, 0x0000000085b00000| Complete 
|  92|0x0000000085c00000, 0x0000000085d00000, 0x0000000085d00000|100%| E|CS|TAMS 0x0000000085c00000, 0x0000000085c00000| Complete 
|  93|0x0000000085d00000, 0x0000000085e00000, 0x0000000085e00000|100%| E|CS|TAMS 0x0000000085d00000, 0x0000000085d00000| Complete 
|  94|0x0000000085e00000, 0x0000000085f00000, 0x0000000085f00000|100%| E|CS|TAMS 0x0000000085e00000, 0x0000000085e00000| Complete 
|  95|0x0000000085f00000, 0x0000000086000000, 0x0000000086000000|100%| E|CS|TAMS 0x0000000085f00000, 0x0000000085f00000| Complete 
|  96|0x0000000086000000, 0x0000000086100000, 0x0000000086100000|100%| E|CS|TAMS 0x0000000086000000, 0x0000000086000000| Complete 
|  97|0x0000000086100000, 0x0000000086200000, 0x0000000086200000|100%| E|CS|TAMS 0x0000000086100000, 0x0000000086100000| Complete 
|  98|0x0000000086200000, 0x0000000086300000, 0x0000000086300000|100%| E|CS|TAMS 0x0000000086200000, 0x0000000086200000| Complete 
|  99|0x0000000086300000, 0x0000000086400000, 0x0000000086400000|100%| E|CS|TAMS 0x0000000086300000, 0x0000000086300000| Complete 
| 100|0x0000000086400000, 0x0000000086500000, 0x0000000086500000|100%| E|CS|TAMS 0x0000000086400000, 0x0000000086400000| Complete 
| 101|0x0000000086500000, 0x0000000086600000, 0x0000000086600000|100%| E|CS|TAMS 0x0000000086500000, 0x0000000086500000| Complete 
| 102|0x0000000086600000, 0x0000000086700000, 0x0000000086700000|100%| E|CS|TAMS 0x0000000086600000, 0x0000000086600000| Complete 
| 103|0x0000000086700000, 0x0000000086800000, 0x0000000086800000|100%| E|CS|TAMS 0x0000000086700000, 0x0000000086700000| Complete 
| 104|0x0000000086800000, 0x0000000086900000, 0x0000000086900000|100%| E|CS|TAMS 0x0000000086800000, 0x0000000086800000| Complete 
| 105|0x0000000086900000, 0x0000000086a00000, 0x0000000086a00000|100%| E|CS|TAMS 0x0000000086900000, 0x0000000086900000| Complete 
| 106|0x0000000086a00000, 0x0000000086b00000, 0x0000000086b00000|100%| E|CS|TAMS 0x0000000086a00000, 0x0000000086a00000| Complete 
| 107|0x0000000086b00000, 0x0000000086c00000, 0x0000000086c00000|100%| E|CS|TAMS 0x0000000086b00000, 0x0000000086b00000| Complete 
| 108|0x0000000086c00000, 0x0000000086d00000, 0x0000000086d00000|100%| E|CS|TAMS 0x0000000086c00000, 0x0000000086c00000| Complete 
| 109|0x0000000086d00000, 0x0000000086e00000, 0x0000000086e00000|100%| E|CS|TAMS 0x0000000086d00000, 0x0000000086d00000| Complete 
| 110|0x0000000086e00000, 0x0000000086f00000, 0x0000000086f00000|100%| E|CS|TAMS 0x0000000086e00000, 0x0000000086e00000| Complete 
| 111|0x0000000086f00000, 0x0000000087000000, 0x0000000087000000|100%| E|CS|TAMS 0x0000000086f00000, 0x0000000086f00000| Complete 
| 112|0x0000000087000000, 0x0000000087100000, 0x0000000087100000|100%| E|CS|TAMS 0x0000000087000000, 0x0000000087000000| Complete 
| 113|0x0000000087100000, 0x0000000087200000, 0x0000000087200000|100%| E|CS|TAMS 0x0000000087100000, 0x0000000087100000| Complete 
| 114|0x0000000087200000, 0x0000000087300000, 0x0000000087300000|100%| E|CS|TAMS 0x0000000087200000, 0x0000000087200000| Complete 
| 115|0x0000000087300000, 0x0000000087400000, 0x0000000087400000|100%| E|CS|TAMS 0x0000000087300000, 0x0000000087300000| Complete 
| 116|0x0000000087400000, 0x0000000087500000, 0x0000000087500000|100%| E|  |TAMS 0x0000000087400000, 0x0000000087400000| Complete 
| 117|0x0000000087500000, 0x0000000087600000, 0x0000000087600000|100%| E|CS|TAMS 0x0000000087500000, 0x0000000087500000| Complete 
| 118|0x0000000087600000, 0x0000000087700000, 0x0000000087700000|100%| E|CS|TAMS 0x0000000087600000, 0x0000000087600000| Complete 
| 119|0x0000000087700000, 0x0000000087800000, 0x0000000087800000|100%| E|CS|TAMS 0x0000000087700000, 0x0000000087700000| Complete 
| 120|0x0000000087800000, 0x0000000087900000, 0x0000000087900000|100%| E|CS|TAMS 0x0000000087800000, 0x0000000087800000| Complete 
| 121|0x0000000087900000, 0x0000000087a00000, 0x0000000087a00000|100%| E|CS|TAMS 0x0000000087900000, 0x0000000087900000| Complete 
| 122|0x0000000087a00000, 0x0000000087b00000, 0x0000000087b00000|100%| E|CS|TAMS 0x0000000087a00000, 0x0000000087a00000| Complete 
| 123|0x0000000087b00000, 0x0000000087c00000, 0x0000000087c00000|100%| E|CS|TAMS 0x0000000087b00000, 0x0000000087b00000| Complete 
| 124|0x0000000087c00000, 0x0000000087d00000, 0x0000000087d00000|100%| E|CS|TAMS 0x0000000087c00000, 0x0000000087c00000| Complete 
| 125|0x0000000087d00000, 0x0000000087e00000, 0x0000000087e00000|100%| E|CS|TAMS 0x0000000087d00000, 0x0000000087d00000| Complete 

Card table byte_map: [0x00000177612c0000,0x00000177616c0000] _byte_map_base: 0x0000017760ec0000

Marking Bits (Prev, Next): (CMBitMap*) 0x000001774e0cf5b8, (CMBitMap*) 0x000001774e0cf5f0
 Prev Bits: [0x0000017761ac0000, 0x0000017763ac0000)
 Next Bits: [0x0000017763ac0000, 0x0000017765ac0000)

Polling page: 0x000001774d870000

Metaspace:

Usage:
  Non-class:     38.59 MB capacity,    37.96 MB ( 98%) used,   539.79 KB (  1%) free+waste,   103.44 KB ( <1%) overhead. 
      Class:      5.93 MB capacity,     5.58 MB ( 94%) used,   304.91 KB (  5%) free+waste,    49.31 KB ( <1%) overhead. 
       Both:     44.52 MB capacity,    43.54 MB ( 98%) used,   844.70 KB (  2%) free+waste,   152.75 KB ( <1%) overhead. 

Virtual space:
  Non-class space:       40.00 MB reserved,      38.62 MB ( 97%) committed 
      Class space:        1.00 GB reserved,       6.00 MB ( <1%) committed 
             Both:        1.04 GB reserved,      44.62 MB (  4%) committed 

Chunk freelists:
   Non-Class:  30.00 KB
       Class:  11.00 KB
        Both:  41.00 KB

MaxMetaspaceSize: 17179869184.00 GB
CompressedClassSpaceSize: 1.00 GB

CodeHeap 'non-profiled nmethods': size=120000Kb used=1827Kb max_used=1827Kb free=118173Kb
 bounds [0x0000017759660000, 0x00000177598d0000, 0x0000017760b90000]
CodeHeap 'profiled nmethods': size=120000Kb used=7890Kb max_used=7890Kb free=112109Kb
 bounds [0x0000017752130000, 0x00000177528f0000, 0x0000017759660000]
CodeHeap 'non-nmethods': size=5760Kb used=2206Kb max_used=2241Kb free=3553Kb
 bounds [0x0000017751b90000, 0x0000017751e00000, 0x0000017752130000]
 total_blobs=4485 nmethods=3713 adapters=683
 compilation: enabled
              stopped_count=0, restarted_count=0
 full_count=0

Compilation events (20 events):
Event: 16.317 Thread 0x0000017768548800 3748       3       org.gradle.internal.instantiation.generator.AbstractClassGenerator$ClassGenerationHandler::<init> (5 bytes)
Event: 16.317 Thread 0x0000017768548800 nmethod 3748 0x00000177528e0810 code [0x00000177528e09c0, 0x00000177528e0b78]
Event: 16.317 Thread 0x0000017768548800 3749       3       org.gradle.internal.instantiation.generator.AbstractClassGenerator$ClassGenerationHandler::<init> (5 bytes)
Event: 16.317 Thread 0x0000017768548800 nmethod 3749 0x00000177528e0c90 code [0x00000177528e0e40, 0x00000177528e0f98]
Event: 16.322 Thread 0x0000017768544800 nmethod 3703 0x0000017759826490 code [0x00000177598266a0, 0x00000177598270b8]
Event: 16.323 Thread 0x0000017768544800 3716 %     4       java.util.regex.Pattern$Start::match @ 31 (90 bytes)
Event: 16.323 Thread 0x0000017768548800 3750       3       org.objectweb.asm.FieldWriter::<init> (69 bytes)
Event: 16.324 Thread 0x0000017768548800 nmethod 3750 0x00000177528e1090 code [0x00000177528e12a0, 0x00000177528e1668]
Event: 16.324 Thread 0x0000017768548800 3751       3       org.objectweb.asm.FieldVisitor::<init> (7 bytes)
Event: 16.324 Thread 0x0000017768548800 nmethod 3751 0x00000177528e1890 code [0x00000177528e1a40, 0x00000177528e1b68]
Event: 16.324 Thread 0x0000017768548800 3752       3       org.objectweb.asm.FieldVisitor::<init> (94 bytes)
Event: 16.325 Thread 0x0000017768548800 nmethod 3752 0x00000177528e1c10 code [0x00000177528e1ea0, 0x00000177528e29c8]
Event: 16.325 Thread 0x0000017768548800 3753       3       org.gradle.internal.instantiation.generator.AsmBackedClassGenerator$ClassBuilderImpl::addGetter (56 bytes)
Event: 16.325 Thread 0x0000017768548800 nmethod 3753 0x00000177528e2d10 code [0x00000177528e2f40, 0x00000177528e34a8]
Event: 16.325 Thread 0x0000017768548800 3754       3       org.objectweb.asm.FieldWriter::putFieldInfo (269 bytes)
Event: 16.327 Thread 0x0000017768548800 nmethod 3754 0x00000177528e3710 code [0x00000177528e39c0, 0x00000177528e4388]
Event: 16.327 Thread 0x0000017768548800 3755       3       com.google.common.collect.ImmutableCollection$Builder::<init> (5 bytes)
Event: 16.327 Thread 0x0000017768548800 nmethod 3755 0x00000177528e4710 code [0x00000177528e48c0, 0x00000177528e4a18]
Event: 16.335 Thread 0x0000017768544800 nmethod 3716% 0x0000017759827d10 code [0x0000017759827f00, 0x0000017759828718]
Event: 16.335 Thread 0x0000017768544800 3720       4       java.util.regex.Matcher::reset (128 bytes)

GC Heap History (14 events):
Event: 1.685 GC heap before
{Heap before GC invocations=0 (full 0):
 garbage-first heap   total 129024K, used 29696K [0x0000000080000000, 0x0000000100000000)
  region size 1024K, 24 young (24576K), 0 survivors (0K)
 Metaspace       used 10229K, capacity 10499K, committed 10624K, reserved 1058816K
  class space    used 1068K, capacity 1138K, committed 1152K, reserved 1048576K
}
Event: 1.699 GC heap after
{Heap after GC invocations=1 (full 0):
 garbage-first heap   total 129024K, used 9324K [0x0000000080000000, 0x0000000100000000)
  region size 1024K, 3 young (3072K), 3 survivors (3072K)
 Metaspace       used 10229K, capacity 10499K, committed 10624K, reserved 1058816K
  class space    used 1068K, capacity 1138K, committed 1152K, reserved 1048576K
}
Event: 2.563 GC heap before
{Heap before GC invocations=1 (full 0):
 garbage-first heap   total 129024K, used 31852K [0x0000000080000000, 0x0000000100000000)
  region size 1024K, 25 young (25600K), 3 survivors (3072K)
 Metaspace       used 11222K, capacity 11456K, committed 11520K, reserved 1058816K
  class space    used 1175K, capacity 1244K, committed 1280K, reserved 1048576K
}
Event: 2.569 GC heap after
{Heap after GC invocations=2 (full 0):
 garbage-first heap   total 129024K, used 10148K [0x0000000080000000, 0x0000000100000000)
  region size 1024K, 1 young (1024K), 1 survivors (1024K)
 Metaspace       used 11222K, capacity 11456K, committed 11520K, reserved 1058816K
  class space    used 1175K, capacity 1244K, committed 1280K, reserved 1048576K
}
Event: 9.115 GC heap before
{Heap before GC invocations=2 (full 0):
 garbage-first heap   total 129024K, used 62372K [0x0000000080000000, 0x0000000100000000)
  region size 1024K, 52 young (53248K), 1 survivors (1024K)
 Metaspace       used 17676K, capacity 18132K, committed 18432K, reserved 1064960K
  class space    used 2088K, capacity 2219K, committed 2304K, reserved 1048576K
}
Event: 9.123 GC heap after
{Heap after GC invocations=3 (full 0):
 garbage-first heap   total 129024K, used 16193K [0x0000000080000000, 0x0000000100000000)
  region size 1024K, 7 young (7168K), 7 survivors (7168K)
 Metaspace       used 17676K, capacity 18132K, committed 18432K, reserved 1064960K
  class space    used 2088K, capacity 2219K, committed 2304K, reserved 1048576K
}
Event: 9.687 GC heap before
{Heap before GC invocations=3 (full 0):
 garbage-first heap   total 129024K, used 40769K [0x0000000080000000, 0x0000000100000000)
  region size 1024K, 32 young (32768K), 7 survivors (7168K)
 Metaspace       used 20698K, capacity 21180K, committed 21296K, reserved 1069056K
  class space    used 2535K, capacity 2660K, committed 2688K, reserved 1048576K
}
Event: 9.699 GC heap after
{Heap after GC invocations=4 (full 0):
 garbage-first heap   total 129024K, used 17711K [0x0000000080000000, 0x0000000100000000)
  region size 1024K, 2 young (2048K), 2 survivors (2048K)
 Metaspace       used 20698K, capacity 21180K, committed 21296K, reserved 1069056K
  class space    used 2535K, capacity 2660K, committed 2688K, reserved 1048576K
}
Event: 12.068 GC heap before
{Heap before GC invocations=5 (full 0):
 garbage-first heap   total 129024K, used 71983K [0x0000000080000000, 0x0000000100000000)
  region size 1024K, 56 young (57344K), 2 survivors (2048K)
 Metaspace       used 26234K, capacity 26779K, committed 26928K, reserved 1073152K
  class space    used 3430K, capacity 3618K, committed 3712K, reserved 1048576K
}
Event: 12.073 GC heap after
{Heap after GC invocations=6 (full 0):
 garbage-first heap   total 129024K, used 19577K [0x0000000080000000, 0x0000000100000000)
  region size 1024K, 3 young (3072K), 3 survivors (3072K)
 Metaspace       used 26234K, capacity 26779K, committed 26928K, reserved 1073152K
  class space    used 3430K, capacity 3618K, committed 3712K, reserved 1048576K
}
Event: 13.690 GC heap before
{Heap before GC invocations=6 (full 0):
 garbage-first heap   total 129024K, used 74873K [0x0000000080000000, 0x0000000100000000)
  region size 1024K, 58 young (59392K), 3 survivors (3072K)
 Metaspace       used 34915K, capacity 35659K, committed 35708K, reserved 1081344K
  class space    used 4535K, capacity 4861K, committed 4864K, reserved 1048576K
}
Event: 13.703 GC heap after
{Heap after GC invocations=7 (full 0):
 garbage-first heap   total 129024K, used 23056K [0x0000000080000000, 0x0000000100000000)
  region size 1024K, 7 young (7168K), 7 survivors (7168K)
 Metaspace       used 34915K, capacity 35659K, committed 35708K, reserved 1081344K
  class space    used 4535K, capacity 4861K, committed 4864K, reserved 1048576K
}
Event: 15.442 GC heap before
{Heap before GC invocations=8 (full 0):
 garbage-first heap   total 129024K, used 85520K [0x0000000080000000, 0x0000000100000000)
  region size 1024K, 65 young (66560K), 7 survivors (7168K)
 Metaspace       used 40545K, capacity 41471K, committed 41596K, reserved 1085440K
  class space    used 5210K, capacity 5549K, committed 5632K, reserved 1048576K
}
Event: 15.454 GC heap after
{Heap after GC invocations=9 (full 0):
 garbage-first heap   total 129024K, used 27508K [0x0000000080000000, 0x0000000100000000)
  region size 1024K, 8 young (8192K), 8 survivors (8192K)
 Metaspace       used 40545K, capacity 41471K, committed 41596K, reserved 1085440K
  class space    used 5210K, capacity 5549K, committed 5632K, reserved 1048576K
}

Deoptimization events (20 events):
Event: 15.836 Thread 0x00000177695d9000 Uncommon trap: trap_request=0xffffffde fr.pc=0x00000177597d96d4 relative=0x00000000000002f4
Event: 15.836 Thread 0x00000177695d9000 Uncommon trap: reason=class_check action=maybe_recompile pc=0x00000177597d96d4 method=java.util.regex.Pattern$Start.match(Ljava/util/regex/Matcher;ILjava/lang/CharSequence;)Z @ 44 c2
Event: 15.836 Thread 0x00000177695d9000 DEOPT PACKING pc=0x00000177597d96d4 sp=0x0000005db66f7810
Event: 15.836 Thread 0x00000177695d9000 DEOPT UNPACKING pc=0x0000017751bb662f sp=0x0000005db66f77d0 mode 2
Event: 16.010 Thread 0x00000177695d9000 Uncommon trap: trap_request=0xffffffde fr.pc=0x0000017759800d00 relative=0x00000000000009a0
Event: 16.010 Thread 0x00000177695d9000 Uncommon trap: reason=class_check action=maybe_recompile pc=0x0000017759800d00 method=java.util.WeakHashMap.eq(Ljava/lang/Object;Ljava/lang/Object;)Z @ 7 c2
Event: 16.010 Thread 0x00000177695d9000 DEOPT PACKING pc=0x0000017759800d00 sp=0x0000005db66f44b0
Event: 16.010 Thread 0x00000177695d9000 DEOPT UNPACKING pc=0x0000017751bb662f sp=0x0000005db66f4420 mode 2
Event: 16.261 Thread 0x00000177695d9000 Uncommon trap: trap_request=0xffffff4d fr.pc=0x00000177596dc68c relative=0x00000000000001cc
Event: 16.261 Thread 0x00000177695d9000 Uncommon trap: reason=unstable_if action=reinterpret pc=0x00000177596dc68c method=java.net.URI$Parser.scan(IILjava/lang/String;)I @ 26 c2
Event: 16.261 Thread 0x00000177695d9000 DEOPT PACKING pc=0x00000177596dc68c sp=0x0000005db66f8de0
Event: 16.261 Thread 0x00000177695d9000 DEOPT UNPACKING pc=0x0000017751bb662f sp=0x0000005db66f8d70 mode 2
Event: 16.261 Thread 0x00000177695d9000 Uncommon trap: trap_request=0xffffff4d fr.pc=0x00000177596b5254 relative=0x0000000000000114
Event: 16.261 Thread 0x00000177695d9000 Uncommon trap: reason=unstable_if action=reinterpret pc=0x00000177596b5254 method=java.net.URI.match(CJJ)Z @ 45 c2
Event: 16.261 Thread 0x00000177695d9000 DEOPT PACKING pc=0x00000177596b5254 sp=0x0000005db66f8b50
Event: 16.261 Thread 0x00000177695d9000 DEOPT UNPACKING pc=0x0000017751bb662f sp=0x0000005db66f8a88 mode 2
Event: 16.261 Thread 0x00000177695d9000 Uncommon trap: trap_request=0xffffff4d fr.pc=0x000001775967fee8 relative=0x0000000000000048
Event: 16.261 Thread 0x00000177695d9000 Uncommon trap: reason=unstable_if action=reinterpret pc=0x000001775967fee8 method=java.net.URI.match(CJJ)Z @ 19 c2
Event: 16.261 Thread 0x00000177695d9000 DEOPT PACKING pc=0x000001775967fee8 sp=0x0000005db66f8b60
Event: 16.261 Thread 0x00000177695d9000 DEOPT UNPACKING pc=0x0000017751bb662f sp=0x0000005db66f8b10 mode 2

Classes redefined (0 events):
No events

Internal exceptions (20 events):
Event: 15.943 Thread 0x00000177695d9000 Exception <a 'java/lang/ClassNotFoundException'{0x0000000086c15858}: org/gradle/api/internal/initialization/DefaultScriptHandlerBeanInfo> (0x0000000086c15858) thrown at [./src/hotspot/share/classfile/systemDictionary.cpp, line 231]
Event: 15.944 Thread 0x00000177695d9000 Exception <a 'java/lang/ClassNotFoundException'{0x0000000086c3f6f8}: org/gradle/api/internal/initialization/DefaultScriptHandlerCustomizer> (0x0000000086c3f6f8) thrown at [./src/hotspot/share/classfile/systemDictionary.cpp, line 231]
Event: 15.997 Thread 0x00000177695d9000 Exception <a 'java/lang/ClassNotFoundException'{0x00000000868a03c0}: org/gradle/api/internal/artifacts/dsl/DefaultRepositoryHandler_DecoratedBeanInfo> (0x00000000868a03c0) thrown at [./src/hotspot/share/classfile/systemDictionary.cpp, line 231]
Event: 15.999 Thread 0x00000177695d9000 Exception <a 'java/lang/ClassNotFoundException'{0x00000000868d91d8}: org/gradle/api/internal/artifacts/dsl/DefaultRepositoryHandlerBeanInfo> (0x00000000868d91d8) thrown at [./src/hotspot/share/classfile/systemDictionary.cpp, line 231]
Event: 16.000 Thread 0x00000177695d9000 Exception <a 'java/lang/ClassNotFoundException'{0x0000000086714a80}: org/gradle/api/internal/artifacts/DefaultArtifactRepositoryContainerBeanInfo> (0x0000000086714a80) thrown at [./src/hotspot/share/classfile/systemDictionary.cpp, line 231]
Event: 16.001 Thread 0x00000177695d9000 Exception <a 'java/lang/ClassNotFoundException'{0x000000008673e1f0}: org/gradle/api/internal/DefaultNamedDomainObjectListBeanInfo> (0x000000008673e1f0) thrown at [./src/hotspot/share/classfile/systemDictionary.cpp, line 231]
Event: 16.002 Thread 0x00000177695d9000 Exception <a 'java/lang/ClassNotFoundException'{0x0000000086768c20}: org/gradle/api/internal/DefaultNamedDomainObjectCollectionBeanInfo> (0x0000000086768c20) thrown at [./src/hotspot/share/classfile/systemDictionary.cpp, line 231]
Event: 16.003 Thread 0x00000177695d9000 Exception <a 'java/lang/ClassNotFoundException'{0x00000000867931b0}: org/gradle/api/internal/DefaultDomainObjectCollectionBeanInfo> (0x00000000867931b0) thrown at [./src/hotspot/share/classfile/systemDictionary.cpp, line 231]
Event: 16.003 Thread 0x00000177695d9000 Exception <a 'java/lang/ClassNotFoundException'{0x0000000086798f00}: java/util/AbstractCollectionBeanInfo> (0x0000000086798f00) thrown at [./src/hotspot/share/classfile/systemDictionary.cpp, line 231]
Event: 16.004 Thread 0x00000177695d9000 Exception <a 'java/lang/ClassNotFoundException'{0x000000008679e910}: java/util/AbstractCollectionCustomizer> (0x000000008679e910) thrown at [./src/hotspot/share/classfile/systemDictionary.cpp, line 231]
Event: 16.006 Thread 0x00000177695d9000 Exception <a 'java/lang/ClassNotFoundException'{0x00000000867d17f8}: org/gradle/api/internal/DefaultDomainObjectCollectionCustomizer> (0x00000000867d17f8) thrown at [./src/hotspot/share/classfile/systemDictionary.cpp, line 231]
Event: 16.010 Thread 0x00000177695d9000 Exception <a 'java/lang/ClassNotFoundException'{0x0000000086619db8}: org/gradle/api/internal/DefaultNamedDomainObjectCollectionCustomizer> (0x0000000086619db8) thrown at [./src/hotspot/share/classfile/systemDictionary.cpp, line 231]
Event: 16.015 Thread 0x00000177695d9000 Exception <a 'java/lang/ClassNotFoundException'{0x0000000086675d28}: org/gradle/api/internal/DefaultNamedDomainObjectListCustomizer> (0x0000000086675d28) thrown at [./src/hotspot/share/classfile/systemDictionary.cpp, line 231]
Event: 16.019 Thread 0x00000177695d9000 Exception <a 'java/lang/ClassNotFoundException'{0x00000000866cad78}: org/gradle/api/internal/artifacts/DefaultArtifactRepositoryContainerCustomizer> (0x00000000866cad78) thrown at [./src/hotspot/share/classfile/systemDictionary.cpp, line 231]
Event: 16.022 Thread 0x00000177695d9000 Exception <a 'java/lang/ClassNotFoundException'{0x0000000086515580}: org/gradle/api/internal/artifacts/dsl/DefaultRepositoryHandlerCustomizer> (0x0000000086515580) thrown at [./src/hotspot/share/classfile/systemDictionary.cpp, line 231]
Event: 16.026 Thread 0x00000177695d9000 Exception <a 'java/lang/ClassNotFoundException'{0x00000000865721f8}: org/gradle/api/internal/artifacts/dsl/DefaultRepositoryHandler_DecoratedCustomizer> (0x00000000865721f8) thrown at [./src/hotspot/share/classfile/systemDictionary.cpp, line 231]
Event: 16.224 Thread 0x00000177695d9000 Exception <a 'java/lang/ClassNotFoundException'{0x0000000085acdbf0}: org/gradle/api/internal/artifacts/dsl/dependencies/DefaultDependencyHandler_DecoratedBeanInfo> (0x0000000085acdbf0) thrown at [./src/hotspot/share/classfile/systemDictionary.cpp, line 231]
Event: 16.225 Thread 0x00000177695d9000 Exception <a 'java/lang/ClassNotFoundException'{0x000000008590c620}: org/gradle/api/internal/artifacts/dsl/dependencies/DefaultDependencyHandlerBeanInfo> (0x000000008590c620) thrown at [./src/hotspot/share/classfile/systemDictionary.cpp, line 231]
Event: 16.226 Thread 0x00000177695d9000 Exception <a 'java/lang/ClassNotFoundException'{0x000000008594afb8}: org/gradle/api/internal/artifacts/dsl/dependencies/DefaultDependencyHandlerCustomizer> (0x000000008594afb8) thrown at [./src/hotspot/share/classfile/systemDictionary.cpp, line 231]
Event: 16.231 Thread 0x00000177695d9000 Exception <a 'java/lang/ClassNotFoundException'{0x00000000859b3028}: org/gradle/api/internal/artifacts/dsl/dependencies/DefaultDependencyHandler_DecoratedCustomizer> (0x00000000859b3028) thrown at [./src/hotspot/share/classfile/systemDictionary.cpp, line 231]

Events (20 events):
Event: 16.334 loading class org/gradle/api/artifacts/result/ComponentSelectionCause
Event: 16.334 loading class org/gradle/api/artifacts/result/ComponentSelectionCause done
Event: 16.337 loading class org/gradle/api/internal/artifacts/ivyservice/resolveengine/artifact/DefaultResolvedArtifactsBuilder
Event: 16.337 loading class org/gradle/api/internal/artifacts/ivyservice/resolveengine/artifact/DefaultResolvedArtifactsBuilder done
Event: 16.338 loading class org/gradle/api/internal/artifacts/ivyservice/resolveengine/artifact/VisitedArtifactsResults
Event: 16.338 loading class org/gradle/api/internal/artifacts/ivyservice/resolveengine/artifact/VisitedArtifactsResults done
Event: 16.339 loading class org/gradle/api/internal/artifacts/ivyservice/resolveengine/artifact/ArtifactSet
Event: 16.339 loading class org/gradle/api/internal/artifacts/ivyservice/resolveengine/artifact/ArtifactSet done
Event: 16.339 loading class org/gradle/api/internal/artifacts/ivyservice/resolveengine/result/FileDependencyCollectingGraphVisitor
Event: 16.339 loading class org/gradle/api/internal/artifacts/ivyservice/resolveengine/result/FileDependencyCollectingGraphVisitor done
Event: 16.340 loading class org/gradle/api/internal/artifacts/ivyservice/resolveengine/artifact/VisitedFileDependencyResults
Event: 16.340 loading class org/gradle/api/internal/artifacts/ivyservice/resolveengine/artifact/VisitedFileDependencyResults done
Event: 16.341 loading class org/gradle/api/internal/artifacts/ivyservice/resolveengine/oldresult/ResolutionFailureCollector
Event: 16.341 loading class org/gradle/api/internal/artifacts/ivyservice/resolveengine/oldresult/ResolutionFailureCollector done
Event: 16.342 loading class org/gradle/api/internal/artifacts/ivyservice/resolveengine/graph/CompositeDependencyGraphVisitor
Event: 16.342 loading class org/gradle/api/internal/artifacts/ivyservice/resolveengine/graph/CompositeDependencyGraphVisitor done
Event: 16.343 loading class org/gradle/api/internal/artifacts/ivyservice/resolveengine/graph/CompositeDependencyArtifactsVisitor
Event: 16.343 loading class org/gradle/api/internal/artifacts/ivyservice/resolveengine/graph/CompositeDependencyArtifactsVisitor done
Event: 16.343 loading class org/gradle/api/internal/artifacts/ivyservice/resolveengine/artifact/ValidatingArtifactsVisitor
Event: 16.343 loading class org/gradle/api/internal/artifacts/ivyservice/resolveengine/artifact/ValidatingArtifactsVisitor done


Dynamic libraries:
0x00007ff6f3aa0000 - 0x00007ff6f3aaa000 	C:\Program Files\Android\Android Studio\jre\bin\java.exe
0x00007fff80490000 - 0x00007fff80685000 	C:\WINDOWS\SYSTEM32\ntdll.dll
0x00007fff7ee20000 - 0x00007fff7eede000 	C:\WINDOWS\System32\KERNEL32.DLL
0x00007fff7dfb0000 - 0x00007fff7e278000 	C:\WINDOWS\System32\KERNELBASE.dll
0x00007fff7e2b0000 - 0x00007fff7e3b0000 	C:\WINDOWS\System32\ucrtbase.dll
0x00007fff5c210000 - 0x00007fff5c229000 	C:\Program Files\Android\Android Studio\jre\bin\jli.dll
0x00007fff7f290000 - 0x00007fff7f430000 	C:\WINDOWS\System32\USER32.dll
0x00007fff7e4c0000 - 0x00007fff7e4e2000 	C:\WINDOWS\System32\win32u.dll
0x00007fff7f0d0000 - 0x00007fff7f0fb000 	C:\WINDOWS\System32\GDI32.dll
0x00007fff7e3b0000 - 0x00007fff7e4bb000 	C:\WINDOWS\System32\gdi32full.dll
0x00007fff7dcb0000 - 0x00007fff7dd4d000 	C:\WINDOWS\System32\msvcp_win.dll
0x00007fff509e0000 - 0x00007fff509f7000 	C:\Program Files\Android\Android Studio\jre\bin\VCRUNTIME140.dll
0x00007fff7cf60000 - 0x00007fff7d1fa000 	C:\WINDOWS\WinSxS\amd64_microsoft.windows.common-controls_6595b64144ccf1df_6.0.19041.1110_none_60b5254171f9507e\COMCTL32.dll
0x00007fff7f8d0000 - 0x00007fff7f96e000 	C:\WINDOWS\System32\msvcrt.dll
0x00007fff7f8a0000 - 0x00007fff7f8d0000 	C:\WINDOWS\System32\IMM32.DLL
0x00007fff50940000 - 0x00007fff509dd000 	C:\Program Files\Android\Android Studio\jre\bin\msvcp140.dll
0x00007fff3d740000 - 0x00007fff3e215000 	C:\Program Files\Android\Android Studio\jre\bin\server\jvm.dll
0x00007fff7f9e0000 - 0x00007fff7fa8e000 	C:\WINDOWS\System32\ADVAPI32.dll
0x00007fff80150000 - 0x00007fff801ec000 	C:\WINDOWS\System32\sechost.dll
0x00007fff7e590000 - 0x00007fff7e6b5000 	C:\WINDOWS\System32\RPCRT4.dll
0x00007fff7f0c0000 - 0x00007fff7f0c8000 	C:\WINDOWS\System32\PSAPI.DLL
0x00007fff7bdb0000 - 0x00007fff7bdb9000 	C:\WINDOWS\SYSTEM32\WSOCK32.dll
0x00007fff7f970000 - 0x00007fff7f9db000 	C:\WINDOWS\System32\WS2_32.dll
0x00007fff67f00000 - 0x00007fff67f27000 	C:\WINDOWS\SYSTEM32\WINMM.dll
0x00007fff75410000 - 0x00007fff7541a000 	C:\WINDOWS\SYSTEM32\VERSION.dll
0x00007fff7b770000 - 0x00007fff7b782000 	C:\WINDOWS\SYSTEM32\kernel.appcore.dll
0x00007fff54f30000 - 0x00007fff54f41000 	C:\Program Files\Android\Android Studio\jre\bin\verify.dll
0x00007fff7d4d0000 - 0x00007fff7d6b4000 	C:\WINDOWS\SYSTEM32\DBGHELP.DLL
0x00007fff7d300000 - 0x00007fff7d32c000 	C:\WINDOWS\SYSTEM32\dbgcore.DLL
0x00007fff7dd50000 - 0x00007fff7ddd2000 	C:\WINDOWS\System32\bcryptPrimitives.dll
0x00007fff4f840000 - 0x00007fff4f869000 	C:\Program Files\Android\Android Studio\jre\bin\java.dll
0x00007fff714e0000 - 0x00007fff714eb000 	C:\Program Files\Android\Android Studio\jre\bin\jimage.dll
0x00007fff52c50000 - 0x00007fff52c68000 	C:\Program Files\Android\Android Studio\jre\bin\zip.dll
0x00007fff7e6c0000 - 0x00007fff7ee04000 	C:\WINDOWS\System32\SHELL32.dll
0x00007fff7afc0000 - 0x00007fff7b754000 	C:\WINDOWS\SYSTEM32\windows.storage.dll
0x00007fff7faf0000 - 0x00007fff7fe44000 	C:\WINDOWS\System32\combase.dll
0x00007fff7cec0000 - 0x00007fff7ceec000 	C:\WINDOWS\SYSTEM32\Wldp.dll
0x00007fff7ff20000 - 0x00007fff7ffcd000 	C:\WINDOWS\System32\SHCORE.dll
0x00007fff7f230000 - 0x00007fff7f285000 	C:\WINDOWS\System32\shlwapi.dll
0x00007fff7daf0000 - 0x00007fff7db0f000 	C:\WINDOWS\SYSTEM32\profapi.dll
0x00007fff52860000 - 0x00007fff5287a000 	C:\Program Files\Android\Android Studio\jre\bin\net.dll
0x00007fff70fc0000 - 0x00007fff710c9000 	C:\WINDOWS\SYSTEM32\WINHTTP.dll
0x00007fff7cc20000 - 0x00007fff7cc8a000 	C:\WINDOWS\system32\mswsock.dll
0x00007fff508a0000 - 0x00007fff508b4000 	C:\Program Files\Android\Android Studio\jre\bin\nio.dll
0x00007fff71df0000 - 0x00007fff71e17000 	C:\Users\cjh20\.gradle\native\e1d6ef7f7dcc3fd88c89a11ec53ec762bb8ba0a96d01ffa2cd45eb1d1d8dd5c5\windows-amd64\native-platform.dll
0x00007fff35140000 - 0x00007fff35284000 	C:\Users\cjh20\.gradle\native\5664cfc778a61ccfe75a443a1ab52a65af34e5dc3c78e0209fed803814484fcb\windows-amd64\native-platform-file-events.dll
0x00007fff7c060000 - 0x00007fff7c06a000 	C:\Program Files\Android\Android Studio\jre\bin\management.dll
0x00007fff78860000 - 0x00007fff7886d000 	C:\Program Files\Android\Android Studio\jre\bin\management_ext.dll
0x00007fff7d860000 - 0x00007fff7d878000 	C:\WINDOWS\SYSTEM32\CRYPTSP.dll
0x00007fff7c5c0000 - 0x00007fff7c5f4000 	C:\WINDOWS\system32\rsaenh.dll
0x00007fff7e280000 - 0x00007fff7e2a7000 	C:\WINDOWS\System32\bcrypt.dll
0x00007fff7dab0000 - 0x00007fff7dade000 	C:\WINDOWS\SYSTEM32\USERENV.dll
0x00007fff7ceb0000 - 0x00007fff7cebc000 	C:\WINDOWS\SYSTEM32\CRYPTBASE.dll
0x00007fff7c910000 - 0x00007fff7c94b000 	C:\WINDOWS\SYSTEM32\IPHLPAPI.DLL
0x00007fff7e4f0000 - 0x00007fff7e4f8000 	C:\WINDOWS\System32\NSI.dll
0x00007fff75710000 - 0x00007fff75727000 	C:\WINDOWS\SYSTEM32\dhcpcsvc6.DLL
0x00007fff756f0000 - 0x00007fff7570d000 	C:\WINDOWS\SYSTEM32\dhcpcsvc.DLL
0x00007fff7c950000 - 0x00007fff7ca1a000 	C:\WINDOWS\SYSTEM32\DNSAPI.dll

dbghelp: loaded successfully - version: 4.0.5 - missing functions: none
symbol engine: initialized successfully - sym options: 0x614 - pdb path: .;C:\Program Files\Android\Android Studio\jre\bin;C:\WINDOWS\SYSTEM32;C:\WINDOWS\WinSxS\amd64_microsoft.windows.common-controls_6595b64144ccf1df_6.0.19041.1110_none_60b5254171f9507e;C:\Program Files\Android\Android Studio\jre\bin\server;C:\Users\cjh20\.gradle\native\e1d6ef7f7dcc3fd88c89a11ec53ec762bb8ba0a96d01ffa2cd45eb1d1d8dd5c5\windows-amd64;C:\Users\cjh20\.gradle\native\5664cfc778a61ccfe75a443a1ab52a65af34e5dc3c78e0209fed803814484fcb\windows-amd64

VM Arguments:
jvm_args: --add-opens=java.base/java.util=ALL-UNNAMED --add-opens=java.base/java.lang=ALL-UNNAMED --add-opens=java.base/java.lang.invoke=ALL-UNNAMED --add-opens=java.base/java.util=ALL-UNNAMED --add-opens=java.prefs/java.util.prefs=ALL-UNNAMED --add-opens=java.prefs/java.util.prefs=ALL-UNNAMED --add-opens=java.base/java.nio.charset=ALL-UNNAMED --add-opens=java.base/java.net=ALL-UNNAMED --add-opens=java.base/java.util.concurrent.atomic=ALL-UNNAMED -Xmx2048m -Dfile.encoding=UTF-8 -Duser.country=KR -Duser.language=ko -Duser.variant 
java_command: org.gradle.launcher.daemon.bootstrap.GradleDaemon 7.2
java_class_path (initial): C:\Users\cjh20\.gradle\wrapper\dists\gradle-7.2-bin\2dnblmf4td7x66yl1d74lt32g\gradle-7.2\lib\gradle-launcher-7.2.jar
Launcher Type: SUN_STANDARD

[Global flags]
     intx CICompilerCount                          = 4                                         {product} {ergonomic}
     uint ConcGCThreads                            = 2                                         {product} {ergonomic}
     uint G1ConcRefinementThreads                  = 8                                         {product} {ergonomic}
   size_t G1HeapRegionSize                         = 1048576                                   {product} {ergonomic}
    uintx GCDrainStackTargetSize                   = 64                                        {product} {ergonomic}
   size_t InitialHeapSize                          = 132120576                                 {product} {ergonomic}
   size_t MarkStackSize                            = 4194304                                   {product} {ergonomic}
   size_t MaxHeapSize                              = 2147483648                                {product} {command line}
   size_t MaxNewSize                               = 1287651328                                {product} {ergonomic}
   size_t MinHeapDeltaBytes                        = 1048576                                   {product} {ergonomic}
    uintx NonNMethodCodeHeapSize                   = 5836300                                {pd product} {ergonomic}
    uintx NonProfiledCodeHeapSize                  = 122910970                              {pd product} {ergonomic}
    uintx ProfiledCodeHeapSize                     = 122910970                              {pd product} {ergonomic}
    uintx ReservedCodeCacheSize                    = 251658240                              {pd product} {ergonomic}
     bool SegmentedCodeCache                       = true                                      {product} {ergonomic}
     bool UseCompressedClassPointers               = true                                 {lp64_product} {ergonomic}
     bool UseCompressedOops                        = true                                 {lp64_product} {ergonomic}
     bool UseG1GC                                  = true                                      {product} {ergonomic}
     bool UseLargePagesIndividualAllocation        = false                                  {pd product} {ergonomic}

Logging:
Log output configuration:
 #0: stdout all=warning uptime,level,tags
 #1: stderr all=off uptime,level,tags

Environment Variables:
JAVA_HOME=C:\Users\cjh20\Desktop\PEThada\eclipse-jee-photon-R-win32-x86_64\eclipse
CLASSPATH=C:\Program Files (x86)\H2\bin\h2-1.4.200.jar
PATH=C:\Program Files (x86)\Intel\Intel(R) Management Engine Components\iCLS\;C:\Program Files\Intel\Intel(R) Management Engine Components\iCLS\;C:\WINDOWS\system32;C:\WINDOWS;C:\WINDOWS\System32\Wbem;C:\WINDOWS\System32\WindowsPowerShell\v1.0\;C:\WINDOWS\System32\OpenSSH\;C:\Program Files (x86)\Intel\Intel(R) Management Engine Components\DAL;C:\Program Files\Intel\Intel(R) Management Engine Components\DAL;C:\Program Files\dotnet\;C:\Program Files\Git\cmd;C:\Program Files\Java\jdk-14.0.1\bin;;C:\Program Files\IDM Computer Solutions\UltraEdit;C:\Users\cjh20\AppData\Local\Programs\Python\Python39\Scripts\;C:\Users\cjh20\AppData\Local\Programs\Python\Python39\;C:\Users\cjh20\AppData\Local\Microsoft\WindowsApps;C:\Program Files\Bandizip\;;C:\Program Files\JetBrains\PyCharm Community Edition 2020.3.3\bin;;C:\Users\cjh20\AppData\Local\Programs\Microsoft VS Code\bin
USERNAME=cjh20
OS=Windows_NT
PROCESSOR_IDENTIFIER=Intel64 Family 6 Model 142 Stepping 11, GenuineIntel



---------------  S Y S T E M  ---------------

OS: Windows 10 , 64 bit Build 19041 (10.0.19041.1566)
OS uptime: 3 days 19:44 hours

CPU:total 8 (initial active 8) (4 cores per cpu, 2 threads per core) family 6 model 142 stepping 11 microcode 0xae, cmov, cx8, fxsr, mmx, sse, sse2, sse3, ssse3, sse4.1, sse4.2, popcnt, avx, avx2, aes, clmul, erms, 3dnowpref, lzcnt, ht, tsc, tscinvbit, bmi1, bmi2, adx, fma

Memory: 4k page, system-wide physical 7986M (193M free)
TotalPageFile size 32562M (AvailPageFile size 17M)
current process WorkingSet (physical memory assigned to process): 236M, peak: 243M
current process commit charge ("private bytes"): 304M, peak: 312M

vm_info: OpenJDK 64-Bit Server VM (11.0.11+9-b60-7590822) for windows-amd64 JRE (11.0.11+9-b60-7590822), built on Jul 29 2021 21:43:44 by "builder" with MS VC++ 14.0 (VS2015)

END.
